<?xml version="1.0" encoding="utf-8"?><testsuites name="pytest tests"><testsuite name="pytest" errors="0" failures="0" skipped="0" tests="21" time="2.917" timestamp="2026-07-13T10:15:55.799920+00:00" hostname="agent-env-7a7a4f8e-08c2-4355-aa26-dbec47400920"><testcase classname="backend.tests.test_kinorez_api.TestRoot" name="test_root" time="0.342" /><testcase classname="backend.tests.test_kinorez_api.TestHome" name="test_home_kinds[all]" time="0.175" /><testcase classname="backend.tests.test_kinorez_api.TestHome" name="test_home_kinds[tv]" time="0.129" /><testcase classname="backend.tests.test_kinorez_api.TestHome" name="test_home_kinds[movie]" time="0.136" /><testcase classname="backend.tests.test_kinorez_api.TestHome" name="test_home_kinds[anime]" time="0.135" /><testcase classname="backend.tests.test_kinorez_api.TestHome" name="test_home_kinds[cartoon]" time="0.126" /><testcase classname="backend.tests.test_kinorez_api.TestHome" name="test_home_invalid_kind" time="0.045" /><testcase classname="backend.tests.test_kinorez_api.TestSearch" name="test_search_valid" time="0.131" /><testcase classname="backend.tests.test_kinorez_api.TestSearch" name="test_search_empty_query" time="0.044" /><testcase classname="backend.tests.test_kinorez_api.TestSearch" name="test_search_missing_q" time="0.042" /><testcase classname="backend.tests.test_kinorez_api.TestCollections" name="test_collections_list" time="0.083" /><testcase classname="backend.tests.test_kinorez_api.TestCollections" name="test_collection_detail[trending_tv]" time="0.116" /><testcase classname="backend.tests.test_kinorez_api.TestCollections" name="test_collection_detail[action]" time="0.136" /><testcase classname="backend.tests.test_kinorez_api.TestCollections" name="test_collection_detail[anime]" time="0.132" /><testcase classname="backend.tests.test_kinorez_api.TestCollections" name="test_collection_detail[top_movies]" time="0.130" /><testcase classname="backend.tests.test_kinorez_api.TestCollections" name="test_collection_detail[sci_fi]" time="0.129" /><testcase classname="backend.tests.test_kinorez_api.TestCollections" name="test_collection_not_found" time="0.043" /><testcase classname="backend.tests.test_kinorez_api.TestDetail" name="test_detail_movie" time="0.227" /><testcase classname="backend.tests.test_kinorez_api.TestDetail" name="test_detail_tv" time="0.364" /><testcase classname="backend.tests.test_kinorez_api.TestDetail" name="test_detail_bad_type" time="0.043" /><testcase classname="backend.tests.test_kinorez_api.TestDetail" name="test_detail_not_found" time="0.132" /></testsuite></testsuites>